[debug] ----------------------------------------------------------------------
[debug] Command:      /usr/bin/nodejs /usr/bin/firebase serve
[debug] CLI Version:  3.7.0
[debug] Platform:     linux
[debug] Node Version: v4.4.7
[debug] Time:         Thu May 04 2017 18:59:37 GMT-0700 (PDT)
[debug] ----------------------------------------------------------------------
[debug] 
[debug] > command requires scopes: ["email","openid","https://www.googleapis.com/auth/cloudplatformprojects.readonly","https://www.googleapis.com/auth/firebase","https://www.googleapis.com/auth/cloud-platform"]
[debug] >>> HTTP REQUEST GET https://admin.firebase.com/v1/projects/pr-demo  
 Thu May 04 2017 18:59:37 GMT-0700 (PDT)
[debug] <<< HTTP RESPONSE 200
[debug] >>> HTTP REQUEST GET https://admin.firebase.com/v1/database/pr-demo/tokens  
 Thu May 04 2017 18:59:38 GMT-0700 (PDT)
[debug] <<< HTTP RESPONSE 200
[info] Starting Firebase development server...
[info] 
[info] Project Directory: /home/jlambrecht/projects/pr-demo
[debug] >>> HTTP REQUEST GET https://cloudresourcemanager.googleapis.com/v1/projects/pr-demo  
 Thu May 04 2017 18:59:38 GMT-0700 (PDT)
[debug] <<< HTTP RESPONSE 200
[debug] >>> HTTP REQUEST GET https://mobilesdk-pa.googleapis.com/v1/projects/740771295261/clients/_:getWebAppConfig  
 Thu May 04 2017 18:59:39 GMT-0700 (PDT)
[debug] <<< HTTP RESPONSE 200
[info] Public Directory: public
[info] 
[info] Server listening at: http://localhost:5000
